<?xml version="1.0" encoding="UTF-8"?>
<!-- Generated by org.testng.reporters.JUnitReportReporter -->
<testsuite hostname="Desktop-Monitor-2nd-Floor-Room3" failures="0" tests="6" name="com.actitime.testscript.ProjectModule" time="47.502" errors="0" timestamp="2024-08-17T13:02:24 IST" skipped="0">
  <testcase classname="com.actitime.testscript.ProjectModule" name="deleteProject" time="4.936">
    <system-out>
      <![CDATA[deleteProject
deleteProject has been passed]]>
    </system-out>
  </testcase> <!-- deleteProject -->
  <testcase classname="com.actitime.testscript.ProjectModule" name="createProject" time="9.414">
    <system-out>
      <![CDATA[createProject
createProject has been passed]]>
    </system-out>
  </testcase> <!-- createProject -->
  <testcase classname="com.actitime.testscript.ProjectModule" name="deleteProject" time="5.637">
    <system-out>
      <![CDATA[deleteProject
deleteProject has been passed]]>
    </system-out>
  </testcase> <!-- deleteProject -->
  <testcase classname="com.actitime.testscript.ProjectModule" name="modifyProject" time="8.729">
    <system-out>
      <![CDATA[modifyProject
modifyProject has been passed]]>
    </system-out>
  </testcase> <!-- modifyProject -->
  <testcase classname="com.actitime.testscript.ProjectModule" name="createProject" time="10.555">
    <system-out>
      <![CDATA[createProject
createProject has been passed]]>
    </system-out>
  </testcase> <!-- createProject -->
  <testcase classname="com.actitime.testscript.ProjectModule" name="modifyProject" time="8.231">
    <system-out>
      <![CDATA[modifyProject
modifyProject has been passed]]>
    </system-out>
  </testcase> <!-- modifyProject -->
  <system-out>
    <![CDATA[openBrowser
login
openBrowser
login
createProject
createProject has been passed
logout
login
deleteProject
deleteProject has been passed
logout
createProject
createProject has been passed
logout
login
modifyProject
modifyProject has been passed
login
openBrowser
logout
createCustomer has been skipped
deleteCustomer has been skipped
modifyCustomer has been skipped
createTask has been skipped
deleteTask has been skipped
modifyTask has been skipped
deleteProject
deleteProject has been passed
logout
login
login
createProject has been failed
createProject has been failed
modifyProject
modifyProject has been passed
logout
createCustomer has been skipped
deleteCustomer has been skipped
modifyCustomer has been skipped
createTask has been skipped
deleteTask has been skipped
modifyTask has been skipped
closeBrowser
closeBrowser
closeBrowser]]>
  </system-out>
</testsuite> <!-- com.actitime.testscript.ProjectModule -->
