<?xml version="1.0" encoding="UTF-8"?>
<!-- Generated by org.testng.reporters.JUnitReportReporter -->
<testsuite hostname="Desktop-Monitor-2nd-Floor-Room3" failures="0" tests="1" name="demotest.ExecutionClass" time="11.700" errors="0" timestamp="2024-08-24T10:40:08 IST" skipped="0">
  <testcase classname="demotest.ExecutionClass" name="demo" time="11.700"/>
</testsuite> <!-- demotest.ExecutionClass -->
