<?xml version="1.0" encoding="UTF-8"?>
<!-- Generated by org.testng.reporters.JUnitReportReporter -->
<testsuite hostname="Desktop-Monitor-2nd-Floor-Room3" failures="0" tests="4" name="basics.Activity" time="0.058" errors="0" timestamp="2024-08-17T13:28:01 IST" skipped="0">
  <testcase classname="basics.Activity" name="modifyCustomer" time="0.008">
    <system-out>
      <![CDATA[modifyCustomer]]>
    </system-out>
  </testcase> <!-- modifyCustomer -->
  <testcase classname="basics.Activity" name="deleteCustomer" time="0.012">
    <system-out>
      <![CDATA[deleteCustomer]]>
    </system-out>
  </testcase> <!-- deleteCustomer -->
  <testcase classname="basics.Activity" name="createCustomer" time="0.015">
    <system-out>
      <![CDATA[createCustomer]]>
    </system-out>
  </testcase> <!-- createCustomer -->
  <testcase classname="basics.Activity" name="createCustomer" time="0.023">
    <system-out>
      <![CDATA[createCustomer]]>
    </system-out>
  </testcase> <!-- createCustomer -->
  <system-out>
    <![CDATA[openBrowser
login
deleteCustomer
logout
login
modifyCustomer
logout
login
createCustomer
logout
login
createCustomer
logout
closeBrowser]]>
  </system-out>
</testsuite> <!-- basics.Activity -->
