<?xml version="1.0" encoding="UTF-8"?>
<!-- Generated by org.testng.reporters.JUnitReportReporter -->
<testsuite hostname="Desktop-Monitor-2nd-Floor-Room3" failures="0" tests="3" name="demotest.CustomerModule" time="0.015" errors="0" timestamp="2024-08-10T11:40:05 IST" skipped="0">
  <testcase classname="demotest.CustomerModule" name="createCustomer" time="0.010">
    <system-out>
      <![CDATA[createCustomer]]>
    </system-out>
  </testcase> <!-- createCustomer -->
  <testcase classname="demotest.CustomerModule" name="modifyCustomer" time="0.003">
    <system-out>
      <![CDATA[modifyCustomer]]>
    </system-out>
  </testcase> <!-- modifyCustomer -->
  <testcase classname="demotest.CustomerModule" name="deleteCustomer" time="0.002">
    <system-out>
      <![CDATA[deleteCustomer]]>
    </system-out>
  </testcase> <!-- deleteCustomer -->
  <system-out>
    <![CDATA[createCustomer
deleteCustomer
modifyCustomer]]>
  </system-out>
</testsuite> <!-- demotest.CustomerModule -->
