<?xml version="1.0" encoding="UTF-8"?>
<!-- Generated by org.testng.reporters.JUnitReportReporter -->
<testsuite hostname="Desktop-Monitor-2nd-Floor-Room3" failures="0" tests="3" name="demotest.DemoA" time="0.022" errors="0" timestamp="2024-08-10T10:55:53 IST" skipped="0">
  <testcase classname="demotest.DemoA" name="testB" time="0.005">
    <system-out>
      <![CDATA[Bye World]]>
    </system-out>
  </testcase> <!-- testB -->
  <testcase classname="demotest.DemoA" name="testA" time="0.015">
    <system-out>
      <![CDATA[Hello World]]>
    </system-out>
  </testcase> <!-- testA -->
  <testcase classname="demotest.DemoA" name="testC" time="0.002"/>
  <system-out>
    <![CDATA[Hello World
Bye World]]>
  </system-out>
</testsuite> <!-- demotest.DemoA -->
